<?xml version="1.0" encoding="UTF-8"?>
<!-- Generated by org.testng.reporters.JUnitXMLReporter -->
<testsuite hostname="user-PC" name="Surefire test" tests="3" failures="1" timestamp="28 Aug 2016 23:23:44 GMT" time="22.673" errors="0">
  <testcase name="guineaPigLinkTest" time="14.96" classname="com.lokhande.selenium.test.homework.HomeworkMainTest"/>
  <testcase name="guineaPigEmailTest" time="16.807" classname="com.lokhande.selenium.test.homework.HomeworkMainTest"/>
  <testcase name="pricingPlanFeatureTest" time="22.446" classname="com.lokhande.selenium.test.homework.HomeworkMainTest">
    <failure type="org.junit.ComparisonFailure" message="expected:&amp;lt;$[49.]99&amp;gt; but was:&amp;lt;$[]99&amp;gt;">
      <![CDATA[org.junit.ComparisonFailure: expected:<$[49.]99> but was:<$[]99>
	at org.junit.Assert.assertEquals(Assert.java:125)
	at org.junit.Assert.assertEquals(Assert.java:147)
	at com.lokhande.selenium.test.homework.HomeworkMainTest.pricingPlanFeatureTest(HomeworkMainTest.java:165)
	at java.util.concurrent.FutureTask.run(FutureTask.java:266)
	at java.util.concurrent.Executors$RunnableAdapter.call(Executors.java:511)
	at java.util.concurrent.FutureTask.run(FutureTask.java:266)
	at java.util.concurrent.ThreadPoolExecutor.runWorker(ThreadPoolExecutor.java:1142)
	at java.util.concurrent.ThreadPoolExecutor$Worker.run(ThreadPoolExecutor.java:617)
	at java.lang.Thread.run(Thread.java:745)
... Removed 9 stack frames]]>
    </failure>
  </testcase> <!-- pricingPlanFeatureTest -->
</testsuite> <!-- Surefire test -->
