<?xml version="1.0" encoding="UTF-8"?>
<testng-results skipped="0" failed="1" total="3" passed="2">
  <reporter-output>
  </reporter-output>
  <suite name="Surefire suite" duration-ms="22673" started-at="2016-08-28T23:23:21Z" finished-at="2016-08-28T23:23:43Z">
    <groups>
    </groups>
    <test name="Surefire test" duration-ms="22673" started-at="2016-08-28T23:23:21Z" finished-at="2016-08-28T23:23:43Z">
      <class name="com.lokhande.selenium.test.homework.HomeworkMainTest">
        <test-method status="PASS" signature="beforeTest()[pri:0, instance:com.lokhande.selenium.test.homework.HomeworkMainTest@12cc05a]" name="beforeTest" is-config="true" duration-ms="24" started-at="2016-08-28T16:23:21Z" finished-at="2016-08-28T16:23:21Z">
          <reporter-output>
          </reporter-output>
        </test-method> <!-- beforeTest -->
        <test-method status="PASS" signature="beforeTest()[pri:0, instance:com.lokhande.selenium.test.homework.HomeworkMainTest@12cc05a]" name="beforeTest" is-config="true" duration-ms="15" started-at="2016-08-28T16:23:21Z" finished-at="2016-08-28T16:23:21Z">
          <reporter-output>
          </reporter-output>
        </test-method> <!-- beforeTest -->
        <test-method status="PASS" signature="beforeTest()[pri:0, instance:com.lokhande.selenium.test.homework.HomeworkMainTest@12cc05a]" name="beforeTest" is-config="true" duration-ms="7" started-at="2016-08-28T16:23:21Z" finished-at="2016-08-28T16:23:21Z">
          <reporter-output>
          </reporter-output>
        </test-method> <!-- beforeTest -->
        <test-method status="PASS" signature="guineaPigEmailTest()[pri:2, instance:com.lokhande.selenium.test.homework.HomeworkMainTest@12cc05a]" name="guineaPigEmailTest" duration-ms="16807" started-at="2016-08-28T16:23:21Z" finished-at="2016-08-28T16:23:37Z">
          <reporter-output>
          </reporter-output>
        </test-method> <!-- guineaPigEmailTest -->
        <test-method status="FAIL" signature="pricingPlanFeatureTest(java.lang.String, java.lang.String)[pri:1, instance:com.lokhande.selenium.test.homework.HomeworkMainTest@12cc05a]" name="pricingPlanFeatureTest" duration-ms="22446" started-at="2016-08-28T16:23:21Z" data-provider="pricingForIndividual" finished-at="2016-08-28T16:23:43Z">
          <params>
            <param index="0">
              <value>
                <![CDATA[INDIVIDUAL]]>
              </value>
            </param>
            <param index="1">
              <value>
                <![CDATA[$49.99]]>
              </value>
            </param>
          </params>
          <exception class="org.junit.ComparisonFailure">
            <message>
              <![CDATA[expected:<$[49.]99> but was:<$[]99>]]>
            </message>
            <full-stacktrace>
              <![CDATA[org.junit.ComparisonFailure: expected:<$[49.]99> but was:<$[]99>
	at org.junit.Assert.assertEquals(Assert.java:125)
	at org.junit.Assert.assertEquals(Assert.java:147)
	at com.lokhande.selenium.test.homework.HomeworkMainTest.pricingPlanFeatureTest(HomeworkMainTest.java:165)
	at sun.reflect.NativeMethodAccessorImpl.invoke0(Native Method)
	at sun.reflect.NativeMethodAccessorImpl.invoke(NativeMethodAccessorImpl.java:62)
	at sun.reflect.DelegatingMethodAccessorImpl.invoke(DelegatingMethodAccessorImpl.java:43)
	at java.lang.reflect.Method.invoke(Method.java:498)
	at org.testng.internal.MethodInvocationHelper.invokeMethod(MethodInvocationHelper.java:86)
	at org.testng.internal.Invoker.invokeMethod(Invoker.java:643)
	at org.testng.internal.Invoker.invokeTestMethod(Invoker.java:820)
	at org.testng.internal.TestMethodWithDataProviderMethodWorker.call(TestMethodWithDataProviderMethodWorker.java:75)
	at org.testng.internal.TestMethodWithDataProviderMethodWorker.call(TestMethodWithDataProviderMethodWorker.java:14)
	at java.util.concurrent.FutureTask.run(FutureTask.java:266)
	at java.util.concurrent.Executors$RunnableAdapter.call(Executors.java:511)
	at java.util.concurrent.FutureTask.run(FutureTask.java:266)
	at java.util.concurrent.ThreadPoolExecutor.runWorker(ThreadPoolExecutor.java:1142)
	at java.util.concurrent.ThreadPoolExecutor$Worker.run(ThreadPoolExecutor.java:617)
	at java.lang.Thread.run(Thread.java:745)
]]>
            </full-stacktrace>
          </exception> <!-- org.junit.ComparisonFailure -->
          <reporter-output>
          </reporter-output>
        </test-method> <!-- pricingPlanFeatureTest -->
        <test-method status="PASS" signature="guineaPigLinkTest()[pri:3, instance:com.lokhande.selenium.test.homework.HomeworkMainTest@12cc05a]" name="guineaPigLinkTest" duration-ms="14960" started-at="2016-08-28T16:23:21Z" finished-at="2016-08-28T16:23:36Z">
          <reporter-output>
          </reporter-output>
        </test-method> <!-- guineaPigLinkTest -->
        <test-method status="PASS" signature="teardown()[pri:0, instance:com.lokhande.selenium.test.homework.HomeworkMainTest@12cc05a]" name="teardown" is-config="true" duration-ms="190" started-at="2016-08-28T16:23:36Z" finished-at="2016-08-28T16:23:36Z">
          <reporter-output>
          </reporter-output>
        </test-method> <!-- teardown -->
        <test-method status="PASS" signature="teardown()[pri:0, instance:com.lokhande.selenium.test.homework.HomeworkMainTest@12cc05a]" name="teardown" is-config="true" duration-ms="107" started-at="2016-08-28T16:23:37Z" finished-at="2016-08-28T16:23:38Z">
          <reporter-output>
          </reporter-output>
        </test-method> <!-- teardown -->
        <test-method status="PASS" signature="teardown()[pri:0, instance:com.lokhande.selenium.test.homework.HomeworkMainTest@12cc05a]" name="teardown" is-config="true" duration-ms="122" started-at="2016-08-28T16:23:43Z" finished-at="2016-08-28T16:23:43Z">
          <reporter-output>
          </reporter-output>
        </test-method> <!-- teardown -->
      </class> <!-- com.lokhande.selenium.test.homework.HomeworkMainTest -->
    </test> <!-- Surefire test -->
  </suite> <!-- Surefire suite -->
</testng-results>
