<?xml version="1.0" encoding="UTF-8"?>
<testsuite xmlns:xsi="http://www.w3.org/2001/XMLSchema-instance" xsi:schemaLocation="https://maven.apache.org/surefire/maven-surefire-plugin/xsd/surefire-test-report.xsd" name="com.lokhande.selenium.test.homework.HomeworkMainTest" time="24.311" tests="3" errors="0" skipped="0" failures="1">
  <properties>
[...]
</properties>
  <testcase name="guineaPigLinkTest" classname="com.lokhande.selenium.test.homework.HomeworkMainTest" time="14.97"/>
  <testcase name="guineaPigEmailTest" classname="com.lokhande.selenium.test.homework.HomeworkMainTest" time="16.809"/>
  <testcase name="pricingPlanFeatureTest" classname="com.lokhande.selenium.test.homework.HomeworkMainTest" time="22.464">
    <failure message="expected:&lt;$[49.]99&gt; but was:&lt;$[]99&gt;" type="org.junit.ComparisonFailure"><![CDATA[org.junit.ComparisonFailure: expected:<$[49.]99> but was:<$[]99>
	at com.lokhande.selenium.test.homework.HomeworkMainTest.pricingPlanFeatureTest(HomeworkMainTest.java:165)
]]></failure>
    <system-out><![CDATA[2016-08-28 16:23:37,995 [PoolService-0] INFO  homework.HomeworkMainTest  - 
Running 'landingPageVerification' test case:
2016-08-28 16:23:37,996 [PoolService-0] INFO  landingPage.LandingPage  - Verifying 'PRICING' is present on landing page
2016-08-28 16:23:38,927 [PoolService-0] INFO  landingPage.LandingPage  - Clickig on Pricing
2016-08-28 16:23:41,751 [PoolService-0] INFO  pricingDetails.PricingDetails  - Reading 'PRICING' for different plan:
2016-08-28 16:23:41,941 [PoolService-0] INFO  pricingDetails.PricingDetails  - MANUAL
2016-08-28 16:23:42,140 [PoolService-0] INFO  pricingDetails.PricingDetails  - INDIVIDUAL
2016-08-28 16:23:42,289 [PoolService-0] INFO  pricingDetails.PricingDetails  - EXPERT
2016-08-28 16:23:42,433 [PoolService-0] INFO  pricingDetails.PricingDetails  - PROFESSIONAL
2016-08-28 16:23:42,582 [PoolService-0] INFO  pricingDetails.PricingDetails  - SMALL TEAM
2016-08-28 16:23:42,713 [PoolService-0] INFO  pricingDetails.PricingDetails  - ENTERPRISE
2016-08-28 16:23:42,956 [PoolService-0] INFO  pricingDetails.PricingDetails  - 19
2016-08-28 16:23:43,097 [PoolService-0] INFO  pricingDetails.PricingDetails  - 99
2016-08-28 16:23:43,231 [PoolService-0] INFO  pricingDetails.PricingDetails  - 199
2016-08-28 16:23:43,389 [PoolService-0] INFO  pricingDetails.PricingDetails  - 299
2016-08-28 16:23:43,524 [PoolService-0] INFO  pricingDetails.PricingDetails  - 399
2016-08-28 16:23:43,590 [PoolService-0] INFO  pricingDetails.PricingDetails  - {MANUAL=19, INDIVIDUAL=99, EXPERT=199, PROFESSIONAL=299, SMALL TEAM=399}
2016-08-28 16:23:43,590 [PoolService-0] INFO  homework.HomeworkMainTest  - Cost for "Individual" membership is: $99
]]></system-out>
  </testcase>
</testsuite>