<?xml version="1.0" encoding="UTF-8"?>
<!-- Generated by org.testng.reporters.JUnitXMLReporter -->
<testsuite hostname="user-PC" name="Command line test" tests="3" failures="1" timestamp="28 Aug 2016 22:10:09 GMT" time="38.841" errors="0">
  <testcase name="pricingPlanFeatureTest" time="9.579" classname="com.lokhande.selenium.test.homework.HomeworkMainTest">
    <failure type="org.junit.ComparisonFailure" message="expected:&amp;lt;$[49.]99&amp;gt; but was:&amp;lt;$[]99&amp;gt;">
      <![CDATA[org.junit.ComparisonFailure: expected:<$[49.]99> but was:<$[]99>
	at org.junit.Assert.assertEquals(Assert.java:125)
	at org.junit.Assert.assertEquals(Assert.java:147)
	at com.lokhande.selenium.test.homework.HomeworkMainTest.pricingPlanFeatureTest(HomeworkMainTest.java:113)
... Removed 33 stack frames]]>
    </failure>
  </testcase> <!-- pricingPlanFeatureTest -->
  <testcase name="guineaPigEmailTest" time="2.975" classname="com.lokhande.selenium.test.homework.HomeworkMainTest"/>
  <testcase name="guineaPigLinkTest" time="1.36" classname="com.lokhande.selenium.test.homework.HomeworkMainTest"/>
</testsuite> <!-- Command line test -->
